<?xml version="1.0" encoding="UTF-8"?>
<testsuite xmlns:xsi="http://www.w3.org/2001/XMLSchema-instance" xsi:noNamespaceSchemaLocation="https://maven.apache.org/surefire/maven-surefire-plugin/xsd/surefire-test-report.xsd" name="com.group1.billsplitter.BillsplitterApplicationTests" time="2.97" tests="1" errors="0" skipped="0" failures="0">
  <properties>
    <property name="java.specification.version" value="17"/>
    <property name="sun.jnu.encoding" value="UTF-8"/>
    <property name="java.class.path" value="/Users/mukhtarkussaiynbekov/projects/CS3300-project-2/target/test-classes:/Users/mukhtarkussaiynbekov/projects/CS3300-project-2/target/classes:/Users/mukhtarkussaiynbekov/.m2/repository/org/springframework/boot/spring-boot-starter-web/2.5.6/spring-boot-starter-web-2.5.6.jar:/Users/mukhtarkussaiynbekov/.m2/repository/org/springframework/boot/spring-boot-starter/2.5.6/spring-boot-starter-2.5.6.jar:/Users/mukhtarkussaiynbekov/.m2/repository/org/springframework/boot/spring-boot/2.5.6/spring-boot-2.5.6.jar:/Users/mukhtarkussaiynbekov/.m2/repository/org/springframework/boot/spring-boot-autoconfigure/2.5.6/spring-boot-autoconfigure-2.5.6.jar:/Users/mukhtarkussaiynbekov/.m2/repository/org/springframework/boot/spring-boot-starter-logging/2.5.6/spring-boot-starter-logging-2.5.6.jar:/Users/mukhtarkussaiynbekov/.m2/repository/ch/qos/logback/logback-classic/1.2.6/logback-classic-1.2.6.jar:/Users/mukhtarkussaiynbekov/.m2/repository/ch/qos/logback/logback-core/1.2.6/logback-core-1.2.6.jar:/Users/mukhtarkussaiynbekov/.m2/repository/org/apache/logging/log4j/log4j-to-slf4j/2.14.1/log4j-to-slf4j-2.14.1.jar:/Users/mukhtarkussaiynbekov/.m2/repository/org/apache/logging/log4j/log4j-api/2.14.1/log4j-api-2.14.1.jar:/Users/mukhtarkussaiynbekov/.m2/repository/org/slf4j/jul-to-slf4j/1.7.32/jul-to-slf4j-1.7.32.jar:/Users/mukhtarkussaiynbekov/.m2/repository/jakarta/annotation/jakarta.annotation-api/1.3.5/jakarta.annotation-api-1.3.5.jar:/Users/mukhtarkussaiynbekov/.m2/repository/org/yaml/snakeyaml/1.28/snakeyaml-1.28.jar:/Users/mukhtarkussaiynbekov/.m2/repository/org/springframework/boot/spring-boot-starter-json/2.5.6/spring-boot-starter-json-2.5.6.jar:/Users/mukhtarkussaiynbekov/.m2/repository/com/fasterxml/jackson/core/jackson-databind/2.12.5/jackson-databind-2.12.5.jar:/Users/mukhtarkussaiynbekov/.m2/repository/com/fasterxml/jackson/core/jackson-annotations/2.12.5/jackson-annotations-2.12.5.jar:/Users/mukhtarkussaiynbekov/.m2/repository/com/fasterxml/jackson/datatype/jackson-datatype-jdk8/2.12.5/jackson-datatype-jdk8-2.12.5.jar:/Users/mukhtarkussaiynbekov/.m2/repository/com/fasterxml/jackson/datatype/jackson-datatype-jsr310/2.12.5/jackson-datatype-jsr310-2.12.5.jar:/Users/mukhtarkussaiynbekov/.m2/repository/com/fasterxml/jackson/module/jackson-module-parameter-names/2.12.5/jackson-module-parameter-names-2.12.5.jar:/Users/mukhtarkussaiynbekov/.m2/repository/org/springframework/boot/spring-boot-starter-tomcat/2.5.6/spring-boot-starter-tomcat-2.5.6.jar:/Users/mukhtarkussaiynbekov/.m2/repository/org/apache/tomcat/embed/tomcat-embed-core/9.0.54/tomcat-embed-core-9.0.54.jar:/Users/mukhtarkussaiynbekov/.m2/repository/org/apache/tomcat/embed/tomcat-embed-el/9.0.54/tomcat-embed-el-9.0.54.jar:/Users/mukhtarkussaiynbekov/.m2/repository/org/apache/tomcat/embed/tomcat-embed-websocket/9.0.54/tomcat-embed-websocket-9.0.54.jar:/Users/mukhtarkussaiynbekov/.m2/repository/org/springframework/spring-web/5.3.12/spring-web-5.3.12.jar:/Users/mukhtarkussaiynbekov/.m2/repository/org/springframework/spring-beans/5.3.12/spring-beans-5.3.12.jar:/Users/mukhtarkussaiynbekov/.m2/repository/org/springframework/spring-webmvc/5.3.12/spring-webmvc-5.3.12.jar:/Users/mukhtarkussaiynbekov/.m2/repository/org/springframework/spring-aop/5.3.12/spring-aop-5.3.12.jar:/Users/mukhtarkussaiynbekov/.m2/repository/org/springframework/spring-context/5.3.12/spring-context-5.3.12.jar:/Users/mukhtarkussaiynbekov/.m2/repository/org/springframework/spring-expression/5.3.12/spring-expression-5.3.12.jar:/Users/mukhtarkussaiynbekov/.m2/repository/com/google/cloud/spring-cloud-gcp-starter-sql-mysql/2.0.3/spring-cloud-gcp-starter-sql-mysql-2.0.3.jar:/Users/mukhtarkussaiynbekov/.m2/repository/com/google/cloud/spring-cloud-gcp-starter/2.0.3/spring-cloud-gcp-starter-2.0.3.jar:/Users/mukhtarkussaiynbekov/.m2/repository/com/google/cloud/spring-cloud-gcp-core/2.0.3/spring-cloud-gcp-core-2.0.3.jar:/Users/mukhtarkussaiynbekov/.m2/repository/com/google/cloud/spring-cloud-gcp-autoconfigure/2.0.3/spring-cloud-gcp-autoconfigure-2.0.3.jar:/Users/mukhtarkussaiynbekov/.m2/repository/org/apache/commons/commons-lang3/3.12.0/commons-lang3-3.12.0.jar:/Users/mukhtarkussaiynbekov/.m2/repository/org/springframework/boot/spring-boot-starter-jdbc/2.5.6/spring-boot-starter-jdbc-2.5.6.jar:/Users/mukhtarkussaiynbekov/.m2/repository/com/zaxxer/HikariCP/4.0.3/HikariCP-4.0.3.jar:/Users/mukhtarkussaiynbekov/.m2/repository/org/springframework/spring-jdbc/5.3.12/spring-jdbc-5.3.12.jar:/Users/mukhtarkussaiynbekov/.m2/repository/org/springframework/spring-tx/5.3.12/spring-tx-5.3.12.jar:/Users/mukhtarkussaiynbekov/.m2/repository/com/google/cloud/sql/mysql-socket-factory/1.3.0/mysql-socket-factory-1.3.0.jar:/Users/mukhtarkussaiynbekov/.m2/repository/com/google/cloud/sql/jdbc-socket-factory-core/1.3.0/jdbc-socket-factory-core-1.3.0.jar:/Users/mukhtarkussaiynbekov/.m2/repository/org/checkerframework/checker-compat-qual/2.5.5/checker-compat-qual-2.5.5.jar:/Users/mukhtarkussaiynbekov/.m2/repository/com/google/apis/google-api-services-sqladmin/v1beta4-rev20210420-1.31.0/google-api-services-sqladmin-v1beta4-rev20210420-1.31.0.jar:/Users/mukhtarkussaiynbekov/.m2/repository/com/github/jnr/jnr-unixsocket/0.38.7/jnr-unixsocket-0.38.7.jar:/Users/mukhtarkussaiynbekov/.m2/repository/com/github/jnr/jnr-ffi/2.2.3/jnr-ffi-2.2.3.jar:/Users/mukhtarkussaiynbekov/.m2/repository/com/github/jnr/jffi/1.3.3/jffi-1.3.3.jar:/Users/mukhtarkussaiynbekov/.m2/repository/com/github/jnr/jffi/1.3.3/jffi-1.3.3-native.jar:/Users/mukhtarkussaiynbekov/.m2/repository/org/ow2/asm/asm-commons/9.1/asm-commons-9.1.jar:/Users/mukhtarkussaiynbekov/.m2/repository/com/github/jnr/jnr-a64asm/1.0.0/jnr-a64asm-1.0.0.jar:/Users/mukhtarkussaiynbekov/.m2/repository/com/github/jnr/jnr-x86asm/1.0.2/jnr-x86asm-1.0.2.jar:/Users/mukhtarkussaiynbekov/.m2/repository/com/github/jnr/jnr-constants/0.10.1/jnr-constants-0.10.1.jar:/Users/mukhtarkussaiynbekov/.m2/repository/com/github/jnr/jnr-enxio/0.32.5/jnr-enxio-0.32.5.jar:/Users/mukhtarkussaiynbekov/.m2/repository/com/github/jnr/jnr-posix/3.1.6/jnr-posix-3.1.6.jar:/Users/mukhtarkussaiynbekov/.m2/repository/org/ow2/asm/asm-util/9.1/asm-util-9.1.jar:/Users/mukhtarkussaiynbekov/.m2/repository/org/ow2/asm/asm/9.1/asm-9.1.jar:/Users/mukhtarkussaiynbekov/.m2/repository/org/ow2/asm/asm-tree/9.1/asm-tree-9.1.jar:/Users/mukhtarkussaiynbekov/.m2/repository/org/ow2/asm/asm-analysis/9.1/asm-analysis-9.1.jar:/Users/mukhtarkussaiynbekov/.m2/repository/mysql/mysql-connector-java/8.0.27/mysql-connector-java-8.0.27.jar:/Users/mukhtarkussaiynbekov/.m2/repository/org/slf4j/slf4j-api/1.7.32/slf4j-api-1.7.32.jar:/Users/mukhtarkussaiynbekov/.m2/repository/com/google/cloud/google-cloud-storage/2.1.9/google-cloud-storage-2.1.9.jar:/Users/mukhtarkussaiynbekov/.m2/repository/com/google/guava/failureaccess/1.0.1/failureaccess-1.0.1.jar:/Users/mukhtarkussaiynbekov/.m2/repository/com/google/guava/listenablefuture/9999.0-empty-to-avoid-conflict-with-guava/listenablefuture-9999.0-empty-to-avoid-conflict-with-guava.jar:/Users/mukhtarkussaiynbekov/.m2/repository/com/google/code/findbugs/jsr305/3.0.2/jsr305-3.0.2.jar:/Users/mukhtarkussaiynbekov/.m2/repository/org/checkerframework/checker-qual/3.12.0/checker-qual-3.12.0.jar:/Users/mukhtarkussaiynbekov/.m2/repository/com/google/j2objc/j2objc-annotations/1.3/j2objc-annotations-1.3.jar:/Users/mukhtarkussaiynbekov/.m2/repository/com/google/http-client/google-http-client/1.40.1/google-http-client-1.40.1.jar:/Users/mukhtarkussaiynbekov/.m2/repository/io/opencensus/opencensus-contrib-http-util/0.28.0/opencensus-contrib-http-util-0.28.0.jar:/Users/mukhtarkussaiynbekov/.m2/repository/com/google/http-client/google-http-client-jackson2/1.40.1/google-http-client-jackson2-1.40.1.jar:/Users/mukhtarkussaiynbekov/.m2/repository/com/fasterxml/jackson/core/jackson-core/2.12.5/jackson-core-2.12.5.jar:/Users/mukhtarkussaiynbekov/.m2/repository/com/google/api-client/google-api-client/1.32.2/google-api-client-1.32.2.jar:/Users/mukhtarkussaiynbekov/.m2/repository/com/google/oauth-client/google-oauth-client/1.32.1/google-oauth-client-1.32.1.jar:/Users/mukhtarkussaiynbekov/.m2/repository/com/google/http-client/google-http-client-gson/1.40.1/google-http-client-gson-1.40.1.jar:/Users/mukhtarkussaiynbekov/.m2/repository/com/google/http-client/google-http-client-apache-v2/1.40.1/google-http-client-apache-v2-1.40.1.jar:/Users/mukhtarkussaiynbekov/.m2/repository/com/google/apis/google-api-services-storage/v1-rev20210918-1.32.1/google-api-services-storage-v1-rev20210918-1.32.1.jar:/Users/mukhtarkussaiynbekov/.m2/repository/com/google/code/gson/gson/2.8.8/gson-2.8.8.jar:/Users/mukhtarkussaiynbekov/.m2/repository/com/google/cloud/google-cloud-core/2.2.0/google-cloud-core-2.2.0.jar:/Users/mukhtarkussaiynbekov/.m2/repository/com/google/auto/value/auto-value-annotations/1.8.2/auto-value-annotations-1.8.2.jar:/Users/mukhtarkussaiynbekov/.m2/repository/com/google/api/grpc/proto-google-common-protos/2.6.0/proto-google-common-protos-2.6.0.jar:/Users/mukhtarkussaiynbekov/.m2/repository/com/google/cloud/google-cloud-core-http/2.2.0/google-cloud-core-http-2.2.0.jar:/Users/mukhtarkussaiynbekov/.m2/repository/com/google/http-client/google-http-client-appengine/1.40.1/google-http-client-appengine-1.40.1.jar:/Users/mukhtarkussaiynbekov/.m2/repository/com/google/api/gax-httpjson/0.91.1/gax-httpjson-0.91.1.jar:/Users/mukhtarkussaiynbekov/.m2/repository/com/google/api/gax/2.6.1/gax-2.6.1.jar:/Users/mukhtarkussaiynbekov/.m2/repository/com/google/auth/google-auth-library-credentials/1.2.1/google-auth-library-credentials-1.2.1.jar:/Users/mukhtarkussaiynbekov/.m2/repository/com/google/auth/google-auth-library-oauth2-http/1.2.1/google-auth-library-oauth2-http-1.2.1.jar:/Users/mukhtarkussaiynbekov/.m2/repository/com/google/api/api-common/2.0.5/api-common-2.0.5.jar:/Users/mukhtarkussaiynbekov/.m2/repository/javax/annotation/javax.annotation-api/1.3.2/javax.annotation-api-1.3.2.jar:/Users/mukhtarkussaiynbekov/.m2/repository/io/opencensus/opencensus-api/0.28.0/opencensus-api-0.28.0.jar:/Users/mukhtarkussaiynbekov/.m2/repository/io/grpc/grpc-context/1.41.0/grpc-context-1.41.0.jar:/Users/mukhtarkussaiynbekov/.m2/repository/com/google/api/grpc/proto-google-iam-v1/1.1.6/proto-google-iam-v1-1.1.6.jar:/Users/mukhtarkussaiynbekov/.m2/repository/com/google/protobuf/protobuf-java/3.18.1/protobuf-java-3.18.1.jar:/Users/mukhtarkussaiynbekov/.m2/repository/com/google/protobuf/protobuf-java-util/3.18.1/protobuf-java-util-3.18.1.jar:/Users/mukhtarkussaiynbekov/.m2/repository/org/threeten/threetenbp/1.5.1/threetenbp-1.5.1.jar:/Users/mukhtarkussaiynbekov/.m2/repository/com/google/guava/guava/31.0.1-jre/guava-31.0.1-jre.jar:/Users/mukhtarkussaiynbekov/.m2/repository/com/google/errorprone/error_prone_annotations/2.7.1/error_prone_annotations-2.7.1.jar:/Users/mukhtarkussaiynbekov/.m2/repository/org/awaitility/awaitility/4.1.1/awaitility-4.1.1.jar:/Users/mukhtarkussaiynbekov/.m2/repository/org/hamcrest/hamcrest/2.2/hamcrest-2.2.jar:/Users/mukhtarkussaiynbekov/.m2/repository/junit/junit/4.13.2/junit-4.13.2.jar:/Users/mukhtarkussaiynbekov/.m2/repository/org/hamcrest/hamcrest-core/2.2/hamcrest-core-2.2.jar:/Users/mukhtarkussaiynbekov/.m2/repository/org/springframework/boot/spring-boot-starter-test/2.5.6/spring-boot-starter-test-2.5.6.jar:/Users/mukhtarkussaiynbekov/.m2/repository/org/springframework/boot/spring-boot-test/2.5.6/spring-boot-test-2.5.6.jar:/Users/mukhtarkussaiynbekov/.m2/repository/org/springframework/boot/spring-boot-test-autoconfigure/2.5.6/spring-boot-test-autoconfigure-2.5.6.jar:/Users/mukhtarkussaiynbekov/.m2/repository/com/jayway/jsonpath/json-path/2.5.0/json-path-2.5.0.jar:/Users/mukhtarkussaiynbekov/.m2/repository/net/minidev/json-smart/2.4.7/json-smart-2.4.7.jar:/Users/mukhtarkussaiynbekov/.m2/repository/net/minidev/accessors-smart/2.4.7/accessors-smart-2.4.7.jar:/Users/mukhtarkussaiynbekov/.m2/repository/jakarta/xml/bind/jakarta.xml.bind-api/2.3.3/jakarta.xml.bind-api-2.3.3.jar:/Users/mukhtarkussaiynbekov/.m2/repository/jakarta/activation/jakarta.activation-api/1.2.2/jakarta.activation-api-1.2.2.jar:/Users/mukhtarkussaiynbekov/.m2/repository/org/assertj/assertj-core/3.19.0/assertj-core-3.19.0.jar:/Users/mukhtarkussaiynbekov/.m2/repository/org/junit/jupiter/junit-jupiter/5.7.2/junit-jupiter-5.7.2.jar:/Users/mukhtarkussaiynbekov/.m2/repository/org/junit/jupiter/junit-jupiter-api/5.7.2/junit-jupiter-api-5.7.2.jar:/Users/mukhtarkussaiynbekov/.m2/repository/org/apiguardian/apiguardian-api/1.1.0/apiguardian-api-1.1.0.jar:/Users/mukhtarkussaiynbekov/.m2/repository/org/opentest4j/opentest4j/1.2.0/opentest4j-1.2.0.jar:/Users/mukhtarkussaiynbekov/.m2/repository/org/junit/platform/junit-platform-commons/1.7.2/junit-platform-commons-1.7.2.jar:/Users/mukhtarkussaiynbekov/.m2/repository/org/junit/jupiter/junit-jupiter-params/5.7.2/junit-jupiter-params-5.7.2.jar:/Users/mukhtarkussaiynbekov/.m2/repository/org/junit/jupiter/junit-jupiter-engine/5.7.2/junit-jupiter-engine-5.7.2.jar:/Users/mukhtarkussaiynbekov/.m2/repository/org/junit/platform/junit-platform-engine/1.7.2/junit-platform-engine-1.7.2.jar:/Users/mukhtarkussaiynbekov/.m2/repository/org/mockito/mockito-core/3.9.0/mockito-core-3.9.0.jar:/Users/mukhtarkussaiynbekov/.m2/repository/net/bytebuddy/byte-buddy/1.10.22/byte-buddy-1.10.22.jar:/Users/mukhtarkussaiynbekov/.m2/repository/net/bytebuddy/byte-buddy-agent/1.10.22/byte-buddy-agent-1.10.22.jar:/Users/mukhtarkussaiynbekov/.m2/repository/org/objenesis/objenesis/3.2/objenesis-3.2.jar:/Users/mukhtarkussaiynbekov/.m2/repository/org/mockito/mockito-junit-jupiter/3.9.0/mockito-junit-jupiter-3.9.0.jar:/Users/mukhtarkussaiynbekov/.m2/repository/org/skyscreamer/jsonassert/1.5.0/jsonassert-1.5.0.jar:/Users/mukhtarkussaiynbekov/.m2/repository/com/vaadin/external/google/android-json/0.0.20131108.vaadin1/android-json-0.0.20131108.vaadin1.jar:/Users/mukhtarkussaiynbekov/.m2/repository/org/springframework/spring-core/5.3.12/spring-core-5.3.12.jar:/Users/mukhtarkussaiynbekov/.m2/repository/org/springframework/spring-jcl/5.3.12/spring-jcl-5.3.12.jar:/Users/mukhtarkussaiynbekov/.m2/repository/org/springframework/spring-test/5.3.12/spring-test-5.3.12.jar:/Users/mukhtarkussaiynbekov/.m2/repository/org/xmlunit/xmlunit-core/2.8.3/xmlunit-core-2.8.3.jar:/Users/mukhtarkussaiynbekov/.m2/repository/commons-io/commons-io/2.11.0/commons-io-2.11.0.jar:/Users/mukhtarkussaiynbekov/.m2/repository/org/springframework/boot/spring-boot-starter-websocket/2.5.6/spring-boot-starter-websocket-2.5.6.jar:/Users/mukhtarkussaiynbekov/.m2/repository/org/springframework/spring-messaging/5.3.12/spring-messaging-5.3.12.jar:/Users/mukhtarkussaiynbekov/.m2/repository/org/springframework/spring-websocket/5.3.12/spring-websocket-5.3.12.jar:"/>
    <property name="java.vm.vendor" value="Eclipse Adoptium"/>
    <property name="sun.arch.data.model" value="64"/>
    <property name="java.vendor.url" value="https://adoptium.net/"/>
    <property name="os.name" value="Mac OS X"/>
    <property name="java.vm.specification.version" value="17"/>
    <property name="sun.java.launcher" value="SUN_STANDARD"/>
    <property name="user.country" value="KZ"/>
    <property name="sun.boot.library.path" value="/Users/mukhtarkussaiynbekov/.sdkman/candidates/java/17.0.1-tem/lib"/>
    <property name="sun.java.command" value="/Users/mukhtarkussaiynbekov/projects/CS3300-project-2/target/surefire/surefirebooter1943603568643398538.jar /Users/mukhtarkussaiynbekov/projects/CS3300-project-2/target/surefire 2021-11-28T13-31-45_068-jvmRun1 surefire17916719861196343643tmp surefire_02980435021430160290tmp"/>
    <property name="http.nonProxyHosts" value="local|*.local|169.254/16|*.169.254/16|localhost|*.localhost|lx.astxsvc.com|*.lx.astxsvc.com|127.0.0.1:21300|*.127.0.0.1:21300"/>
    <property name="jdk.debug" value="release"/>
    <property name="surefire.test.class.path" value="/Users/mukhtarkussaiynbekov/projects/CS3300-project-2/target/test-classes:/Users/mukhtarkussaiynbekov/projects/CS3300-project-2/target/classes:/Users/mukhtarkussaiynbekov/.m2/repository/org/springframework/boot/spring-boot-starter-web/2.5.6/spring-boot-starter-web-2.5.6.jar:/Users/mukhtarkussaiynbekov/.m2/repository/org/springframework/boot/spring-boot-starter/2.5.6/spring-boot-starter-2.5.6.jar:/Users/mukhtarkussaiynbekov/.m2/repository/org/springframework/boot/spring-boot/2.5.6/spring-boot-2.5.6.jar:/Users/mukhtarkussaiynbekov/.m2/repository/org/springframework/boot/spring-boot-autoconfigure/2.5.6/spring-boot-autoconfigure-2.5.6.jar:/Users/mukhtarkussaiynbekov/.m2/repository/org/springframework/boot/spring-boot-starter-logging/2.5.6/spring-boot-starter-logging-2.5.6.jar:/Users/mukhtarkussaiynbekov/.m2/repository/ch/qos/logback/logback-classic/1.2.6/logback-classic-1.2.6.jar:/Users/mukhtarkussaiynbekov/.m2/repository/ch/qos/logback/logback-core/1.2.6/logback-core-1.2.6.jar:/Users/mukhtarkussaiynbekov/.m2/repository/org/apache/logging/log4j/log4j-to-slf4j/2.14.1/log4j-to-slf4j-2.14.1.jar:/Users/mukhtarkussaiynbekov/.m2/repository/org/apache/logging/log4j/log4j-api/2.14.1/log4j-api-2.14.1.jar:/Users/mukhtarkussaiynbekov/.m2/repository/org/slf4j/jul-to-slf4j/1.7.32/jul-to-slf4j-1.7.32.jar:/Users/mukhtarkussaiynbekov/.m2/repository/jakarta/annotation/jakarta.annotation-api/1.3.5/jakarta.annotation-api-1.3.5.jar:/Users/mukhtarkussaiynbekov/.m2/repository/org/yaml/snakeyaml/1.28/snakeyaml-1.28.jar:/Users/mukhtarkussaiynbekov/.m2/repository/org/springframework/boot/spring-boot-starter-json/2.5.6/spring-boot-starter-json-2.5.6.jar:/Users/mukhtarkussaiynbekov/.m2/repository/com/fasterxml/jackson/core/jackson-databind/2.12.5/jackson-databind-2.12.5.jar:/Users/mukhtarkussaiynbekov/.m2/repository/com/fasterxml/jackson/core/jackson-annotations/2.12.5/jackson-annotations-2.12.5.jar:/Users/mukhtarkussaiynbekov/.m2/repository/com/fasterxml/jackson/datatype/jackson-datatype-jdk8/2.12.5/jackson-datatype-jdk8-2.12.5.jar:/Users/mukhtarkussaiynbekov/.m2/repository/com/fasterxml/jackson/datatype/jackson-datatype-jsr310/2.12.5/jackson-datatype-jsr310-2.12.5.jar:/Users/mukhtarkussaiynbekov/.m2/repository/com/fasterxml/jackson/module/jackson-module-parameter-names/2.12.5/jackson-module-parameter-names-2.12.5.jar:/Users/mukhtarkussaiynbekov/.m2/repository/org/springframework/boot/spring-boot-starter-tomcat/2.5.6/spring-boot-starter-tomcat-2.5.6.jar:/Users/mukhtarkussaiynbekov/.m2/repository/org/apache/tomcat/embed/tomcat-embed-core/9.0.54/tomcat-embed-core-9.0.54.jar:/Users/mukhtarkussaiynbekov/.m2/repository/org/apache/tomcat/embed/tomcat-embed-el/9.0.54/tomcat-embed-el-9.0.54.jar:/Users/mukhtarkussaiynbekov/.m2/repository/org/apache/tomcat/embed/tomcat-embed-websocket/9.0.54/tomcat-embed-websocket-9.0.54.jar:/Users/mukhtarkussaiynbekov/.m2/repository/org/springframework/spring-web/5.3.12/spring-web-5.3.12.jar:/Users/mukhtarkussaiynbekov/.m2/repository/org/springframework/spring-beans/5.3.12/spring-beans-5.3.12.jar:/Users/mukhtarkussaiynbekov/.m2/repository/org/springframework/spring-webmvc/5.3.12/spring-webmvc-5.3.12.jar:/Users/mukhtarkussaiynbekov/.m2/repository/org/springframework/spring-aop/5.3.12/spring-aop-5.3.12.jar:/Users/mukhtarkussaiynbekov/.m2/repository/org/springframework/spring-context/5.3.12/spring-context-5.3.12.jar:/Users/mukhtarkussaiynbekov/.m2/repository/org/springframework/spring-expression/5.3.12/spring-expression-5.3.12.jar:/Users/mukhtarkussaiynbekov/.m2/repository/com/google/cloud/spring-cloud-gcp-starter-sql-mysql/2.0.3/spring-cloud-gcp-starter-sql-mysql-2.0.3.jar:/Users/mukhtarkussaiynbekov/.m2/repository/com/google/cloud/spring-cloud-gcp-starter/2.0.3/spring-cloud-gcp-starter-2.0.3.jar:/Users/mukhtarkussaiynbekov/.m2/repository/com/google/cloud/spring-cloud-gcp-core/2.0.3/spring-cloud-gcp-core-2.0.3.jar:/Users/mukhtarkussaiynbekov/.m2/repository/com/google/cloud/spring-cloud-gcp-autoconfigure/2.0.3/spring-cloud-gcp-autoconfigure-2.0.3.jar:/Users/mukhtarkussaiynbekov/.m2/repository/org/apache/commons/commons-lang3/3.12.0/commons-lang3-3.12.0.jar:/Users/mukhtarkussaiynbekov/.m2/repository/org/springframework/boot/spring-boot-starter-jdbc/2.5.6/spring-boot-starter-jdbc-2.5.6.jar:/Users/mukhtarkussaiynbekov/.m2/repository/com/zaxxer/HikariCP/4.0.3/HikariCP-4.0.3.jar:/Users/mukhtarkussaiynbekov/.m2/repository/org/springframework/spring-jdbc/5.3.12/spring-jdbc-5.3.12.jar:/Users/mukhtarkussaiynbekov/.m2/repository/org/springframework/spring-tx/5.3.12/spring-tx-5.3.12.jar:/Users/mukhtarkussaiynbekov/.m2/repository/com/google/cloud/sql/mysql-socket-factory/1.3.0/mysql-socket-factory-1.3.0.jar:/Users/mukhtarkussaiynbekov/.m2/repository/com/google/cloud/sql/jdbc-socket-factory-core/1.3.0/jdbc-socket-factory-core-1.3.0.jar:/Users/mukhtarkussaiynbekov/.m2/repository/org/checkerframework/checker-compat-qual/2.5.5/checker-compat-qual-2.5.5.jar:/Users/mukhtarkussaiynbekov/.m2/repository/com/google/apis/google-api-services-sqladmin/v1beta4-rev20210420-1.31.0/google-api-services-sqladmin-v1beta4-rev20210420-1.31.0.jar:/Users/mukhtarkussaiynbekov/.m2/repository/com/github/jnr/jnr-unixsocket/0.38.7/jnr-unixsocket-0.38.7.jar:/Users/mukhtarkussaiynbekov/.m2/repository/com/github/jnr/jnr-ffi/2.2.3/jnr-ffi-2.2.3.jar:/Users/mukhtarkussaiynbekov/.m2/repository/com/github/jnr/jffi/1.3.3/jffi-1.3.3.jar:/Users/mukhtarkussaiynbekov/.m2/repository/com/github/jnr/jffi/1.3.3/jffi-1.3.3-native.jar:/Users/mukhtarkussaiynbekov/.m2/repository/org/ow2/asm/asm-commons/9.1/asm-commons-9.1.jar:/Users/mukhtarkussaiynbekov/.m2/repository/com/github/jnr/jnr-a64asm/1.0.0/jnr-a64asm-1.0.0.jar:/Users/mukhtarkussaiynbekov/.m2/repository/com/github/jnr/jnr-x86asm/1.0.2/jnr-x86asm-1.0.2.jar:/Users/mukhtarkussaiynbekov/.m2/repository/com/github/jnr/jnr-constants/0.10.1/jnr-constants-0.10.1.jar:/Users/mukhtarkussaiynbekov/.m2/repository/com/github/jnr/jnr-enxio/0.32.5/jnr-enxio-0.32.5.jar:/Users/mukhtarkussaiynbekov/.m2/repository/com/github/jnr/jnr-posix/3.1.6/jnr-posix-3.1.6.jar:/Users/mukhtarkussaiynbekov/.m2/repository/org/ow2/asm/asm-util/9.1/asm-util-9.1.jar:/Users/mukhtarkussaiynbekov/.m2/repository/org/ow2/asm/asm/9.1/asm-9.1.jar:/Users/mukhtarkussaiynbekov/.m2/repository/org/ow2/asm/asm-tree/9.1/asm-tree-9.1.jar:/Users/mukhtarkussaiynbekov/.m2/repository/org/ow2/asm/asm-analysis/9.1/asm-analysis-9.1.jar:/Users/mukhtarkussaiynbekov/.m2/repository/mysql/mysql-connector-java/8.0.27/mysql-connector-java-8.0.27.jar:/Users/mukhtarkussaiynbekov/.m2/repository/org/slf4j/slf4j-api/1.7.32/slf4j-api-1.7.32.jar:/Users/mukhtarkussaiynbekov/.m2/repository/com/google/cloud/google-cloud-storage/2.1.9/google-cloud-storage-2.1.9.jar:/Users/mukhtarkussaiynbekov/.m2/repository/com/google/guava/failureaccess/1.0.1/failureaccess-1.0.1.jar:/Users/mukhtarkussaiynbekov/.m2/repository/com/google/guava/listenablefuture/9999.0-empty-to-avoid-conflict-with-guava/listenablefuture-9999.0-empty-to-avoid-conflict-with-guava.jar:/Users/mukhtarkussaiynbekov/.m2/repository/com/google/code/findbugs/jsr305/3.0.2/jsr305-3.0.2.jar:/Users/mukhtarkussaiynbekov/.m2/repository/org/checkerframework/checker-qual/3.12.0/checker-qual-3.12.0.jar:/Users/mukhtarkussaiynbekov/.m2/repository/com/google/j2objc/j2objc-annotations/1.3/j2objc-annotations-1.3.jar:/Users/mukhtarkussaiynbekov/.m2/repository/com/google/http-client/google-http-client/1.40.1/google-http-client-1.40.1.jar:/Users/mukhtarkussaiynbekov/.m2/repository/io/opencensus/opencensus-contrib-http-util/0.28.0/opencensus-contrib-http-util-0.28.0.jar:/Users/mukhtarkussaiynbekov/.m2/repository/com/google/http-client/google-http-client-jackson2/1.40.1/google-http-client-jackson2-1.40.1.jar:/Users/mukhtarkussaiynbekov/.m2/repository/com/fasterxml/jackson/core/jackson-core/2.12.5/jackson-core-2.12.5.jar:/Users/mukhtarkussaiynbekov/.m2/repository/com/google/api-client/google-api-client/1.32.2/google-api-client-1.32.2.jar:/Users/mukhtarkussaiynbekov/.m2/repository/com/google/oauth-client/google-oauth-client/1.32.1/google-oauth-client-1.32.1.jar:/Users/mukhtarkussaiynbekov/.m2/repository/com/google/http-client/google-http-client-gson/1.40.1/google-http-client-gson-1.40.1.jar:/Users/mukhtarkussaiynbekov/.m2/repository/com/google/http-client/google-http-client-apache-v2/1.40.1/google-http-client-apache-v2-1.40.1.jar:/Users/mukhtarkussaiynbekov/.m2/repository/com/google/apis/google-api-services-storage/v1-rev20210918-1.32.1/google-api-services-storage-v1-rev20210918-1.32.1.jar:/Users/mukhtarkussaiynbekov/.m2/repository/com/google/code/gson/gson/2.8.8/gson-2.8.8.jar:/Users/mukhtarkussaiynbekov/.m2/repository/com/google/cloud/google-cloud-core/2.2.0/google-cloud-core-2.2.0.jar:/Users/mukhtarkussaiynbekov/.m2/repository/com/google/auto/value/auto-value-annotations/1.8.2/auto-value-annotations-1.8.2.jar:/Users/mukhtarkussaiynbekov/.m2/repository/com/google/api/grpc/proto-google-common-protos/2.6.0/proto-google-common-protos-2.6.0.jar:/Users/mukhtarkussaiynbekov/.m2/repository/com/google/cloud/google-cloud-core-http/2.2.0/google-cloud-core-http-2.2.0.jar:/Users/mukhtarkussaiynbekov/.m2/repository/com/google/http-client/google-http-client-appengine/1.40.1/google-http-client-appengine-1.40.1.jar:/Users/mukhtarkussaiynbekov/.m2/repository/com/google/api/gax-httpjson/0.91.1/gax-httpjson-0.91.1.jar:/Users/mukhtarkussaiynbekov/.m2/repository/com/google/api/gax/2.6.1/gax-2.6.1.jar:/Users/mukhtarkussaiynbekov/.m2/repository/com/google/auth/google-auth-library-credentials/1.2.1/google-auth-library-credentials-1.2.1.jar:/Users/mukhtarkussaiynbekov/.m2/repository/com/google/auth/google-auth-library-oauth2-http/1.2.1/google-auth-library-oauth2-http-1.2.1.jar:/Users/mukhtarkussaiynbekov/.m2/repository/com/google/api/api-common/2.0.5/api-common-2.0.5.jar:/Users/mukhtarkussaiynbekov/.m2/repository/javax/annotation/javax.annotation-api/1.3.2/javax.annotation-api-1.3.2.jar:/Users/mukhtarkussaiynbekov/.m2/repository/io/opencensus/opencensus-api/0.28.0/opencensus-api-0.28.0.jar:/Users/mukhtarkussaiynbekov/.m2/repository/io/grpc/grpc-context/1.41.0/grpc-context-1.41.0.jar:/Users/mukhtarkussaiynbekov/.m2/repository/com/google/api/grpc/proto-google-iam-v1/1.1.6/proto-google-iam-v1-1.1.6.jar:/Users/mukhtarkussaiynbekov/.m2/repository/com/google/protobuf/protobuf-java/3.18.1/protobuf-java-3.18.1.jar:/Users/mukhtarkussaiynbekov/.m2/repository/com/google/protobuf/protobuf-java-util/3.18.1/protobuf-java-util-3.18.1.jar:/Users/mukhtarkussaiynbekov/.m2/repository/org/threeten/threetenbp/1.5.1/threetenbp-1.5.1.jar:/Users/mukhtarkussaiynbekov/.m2/repository/com/google/guava/guava/31.0.1-jre/guava-31.0.1-jre.jar:/Users/mukhtarkussaiynbekov/.m2/repository/com/google/errorprone/error_prone_annotations/2.7.1/error_prone_annotations-2.7.1.jar:/Users/mukhtarkussaiynbekov/.m2/repository/org/awaitility/awaitility/4.1.1/awaitility-4.1.1.jar:/Users/mukhtarkussaiynbekov/.m2/repository/org/hamcrest/hamcrest/2.2/hamcrest-2.2.jar:/Users/mukhtarkussaiynbekov/.m2/repository/junit/junit/4.13.2/junit-4.13.2.jar:/Users/mukhtarkussaiynbekov/.m2/repository/org/hamcrest/hamcrest-core/2.2/hamcrest-core-2.2.jar:/Users/mukhtarkussaiynbekov/.m2/repository/org/springframework/boot/spring-boot-starter-test/2.5.6/spring-boot-starter-test-2.5.6.jar:/Users/mukhtarkussaiynbekov/.m2/repository/org/springframework/boot/spring-boot-test/2.5.6/spring-boot-test-2.5.6.jar:/Users/mukhtarkussaiynbekov/.m2/repository/org/springframework/boot/spring-boot-test-autoconfigure/2.5.6/spring-boot-test-autoconfigure-2.5.6.jar:/Users/mukhtarkussaiynbekov/.m2/repository/com/jayway/jsonpath/json-path/2.5.0/json-path-2.5.0.jar:/Users/mukhtarkussaiynbekov/.m2/repository/net/minidev/json-smart/2.4.7/json-smart-2.4.7.jar:/Users/mukhtarkussaiynbekov/.m2/repository/net/minidev/accessors-smart/2.4.7/accessors-smart-2.4.7.jar:/Users/mukhtarkussaiynbekov/.m2/repository/jakarta/xml/bind/jakarta.xml.bind-api/2.3.3/jakarta.xml.bind-api-2.3.3.jar:/Users/mukhtarkussaiynbekov/.m2/repository/jakarta/activation/jakarta.activation-api/1.2.2/jakarta.activation-api-1.2.2.jar:/Users/mukhtarkussaiynbekov/.m2/repository/org/assertj/assertj-core/3.19.0/assertj-core-3.19.0.jar:/Users/mukhtarkussaiynbekov/.m2/repository/org/junit/jupiter/junit-jupiter/5.7.2/junit-jupiter-5.7.2.jar:/Users/mukhtarkussaiynbekov/.m2/repository/org/junit/jupiter/junit-jupiter-api/5.7.2/junit-jupiter-api-5.7.2.jar:/Users/mukhtarkussaiynbekov/.m2/repository/org/apiguardian/apiguardian-api/1.1.0/apiguardian-api-1.1.0.jar:/Users/mukhtarkussaiynbekov/.m2/repository/org/opentest4j/opentest4j/1.2.0/opentest4j-1.2.0.jar:/Users/mukhtarkussaiynbekov/.m2/repository/org/junit/platform/junit-platform-commons/1.7.2/junit-platform-commons-1.7.2.jar:/Users/mukhtarkussaiynbekov/.m2/repository/org/junit/jupiter/junit-jupiter-params/5.7.2/junit-jupiter-params-5.7.2.jar:/Users/mukhtarkussaiynbekov/.m2/repository/org/junit/jupiter/junit-jupiter-engine/5.7.2/junit-jupiter-engine-5.7.2.jar:/Users/mukhtarkussaiynbekov/.m2/repository/org/junit/platform/junit-platform-engine/1.7.2/junit-platform-engine-1.7.2.jar:/Users/mukhtarkussaiynbekov/.m2/repository/org/mockito/mockito-core/3.9.0/mockito-core-3.9.0.jar:/Users/mukhtarkussaiynbekov/.m2/repository/net/bytebuddy/byte-buddy/1.10.22/byte-buddy-1.10.22.jar:/Users/mukhtarkussaiynbekov/.m2/repository/net/bytebuddy/byte-buddy-agent/1.10.22/byte-buddy-agent-1.10.22.jar:/Users/mukhtarkussaiynbekov/.m2/repository/org/objenesis/objenesis/3.2/objenesis-3.2.jar:/Users/mukhtarkussaiynbekov/.m2/repository/org/mockito/mockito-junit-jupiter/3.9.0/mockito-junit-jupiter-3.9.0.jar:/Users/mukhtarkussaiynbekov/.m2/repository/org/skyscreamer/jsonassert/1.5.0/jsonassert-1.5.0.jar:/Users/mukhtarkussaiynbekov/.m2/repository/com/vaadin/external/google/android-json/0.0.20131108.vaadin1/android-json-0.0.20131108.vaadin1.jar:/Users/mukhtarkussaiynbekov/.m2/repository/org/springframework/spring-core/5.3.12/spring-core-5.3.12.jar:/Users/mukhtarkussaiynbekov/.m2/repository/org/springframework/spring-jcl/5.3.12/spring-jcl-5.3.12.jar:/Users/mukhtarkussaiynbekov/.m2/repository/org/springframework/spring-test/5.3.12/spring-test-5.3.12.jar:/Users/mukhtarkussaiynbekov/.m2/repository/org/xmlunit/xmlunit-core/2.8.3/xmlunit-core-2.8.3.jar:/Users/mukhtarkussaiynbekov/.m2/repository/commons-io/commons-io/2.11.0/commons-io-2.11.0.jar:/Users/mukhtarkussaiynbekov/.m2/repository/org/springframework/boot/spring-boot-starter-websocket/2.5.6/spring-boot-starter-websocket-2.5.6.jar:/Users/mukhtarkussaiynbekov/.m2/repository/org/springframework/spring-messaging/5.3.12/spring-messaging-5.3.12.jar:/Users/mukhtarkussaiynbekov/.m2/repository/org/springframework/spring-websocket/5.3.12/spring-websocket-5.3.12.jar:"/>
    <property name="sun.cpu.endian" value="little"/>
    <property name="user.home" value="/Users/mukhtarkussaiynbekov"/>
    <property name="user.language" value="en"/>
    <property name="java.specification.vendor" value="Oracle Corporation"/>
    <property name="java.version.date" value="2021-10-19"/>
    <property name="java.home" value="/Users/mukhtarkussaiynbekov/.sdkman/candidates/java/17.0.1-tem"/>
    <property name="file.separator" value="/"/>
    <property name="basedir" value="/Users/mukhtarkussaiynbekov/projects/CS3300-project-2"/>
    <property name="java.vm.compressedOopsMode" value="Zero based"/>
    <property name="line.separator" value="&#10;"/>
    <property name="java.specification.name" value="Java Platform API Specification"/>
    <property name="java.vm.specification.vendor" value="Oracle Corporation"/>
    <property name="surefire.real.class.path" value="/Users/mukhtarkussaiynbekov/projects/CS3300-project-2/target/surefire/surefirebooter1943603568643398538.jar"/>
    <property name="sun.management.compiler" value="HotSpot 64-Bit Tiered Compilers"/>
    <property name="ftp.nonProxyHosts" value="local|*.local|169.254/16|*.169.254/16|localhost|*.localhost|lx.astxsvc.com|*.lx.astxsvc.com|127.0.0.1:21300|*.127.0.0.1:21300"/>
    <property name="java.runtime.version" value="17.0.1+12"/>
    <property name="user.name" value="mukhtarkussaiynbekov"/>
    <property name="path.separator" value=":"/>
    <property name="os.version" value="11.5"/>
    <property name="java.runtime.name" value="OpenJDK Runtime Environment"/>
    <property name="file.encoding" value="UTF-8"/>
    <property name="java.vm.name" value="OpenJDK 64-Bit Server VM"/>
    <property name="java.vendor.version" value="Temurin-17.0.1+12"/>
    <property name="localRepository" value="/Users/mukhtarkussaiynbekov/.m2/repository"/>
    <property name="java.vendor.url.bug" value="https://github.com/adoptium/adoptium-support/issues"/>
    <property name="java.io.tmpdir" value="/var/folders/lp/kvl9bkvn731gs2z06spb99sm0000gn/T/"/>
    <property name="java.version" value="17.0.1"/>
    <property name="user.dir" value="/Users/mukhtarkussaiynbekov/projects/CS3300-project-2"/>
    <property name="os.arch" value="x86_64"/>
    <property name="java.vm.specification.name" value="Java Virtual Machine Specification"/>
    <property name="native.encoding" value="UTF-8"/>
    <property name="java.library.path" value="/Users/mukhtarkussaiynbekov/Library/Java/Extensions:/Library/Java/Extensions:/Network/Library/Java/Extensions:/System/Library/Java/Extensions:/usr/lib/java:."/>
    <property name="java.vm.info" value="mixed mode, sharing"/>
    <property name="java.vendor" value="Eclipse Adoptium"/>
    <property name="java.vm.version" value="17.0.1+12"/>
    <property name="sun.io.unicode.encoding" value="UnicodeBig"/>
    <property name="socksNonProxyHosts" value="local|*.local|169.254/16|*.169.254/16|localhost|*.localhost|lx.astxsvc.com|*.lx.astxsvc.com|127.0.0.1:21300|*.127.0.0.1:21300"/>
    <property name="java.class.version" value="61.0"/>
  </properties>
  <testcase name="contextLoads" classname="com.group1.billsplitter.BillsplitterApplicationTests" time="0.415"/>
</testsuite>